<?xml version="1.0" encoding="UTF-8"?>
<!-- Generated by org.testng.reporters.JUnitXMLReporter -->
<testsuite hostname="DESKTOP-2T9SIIM" failures="0" tests="4" name="Command line test" time="0.029" errors="0" timestamp="4 May 2023 14:31:29 GMT">
  <testcase classname="test.com.CalculatorTest" name="testAdd" time="0.002"/>
  <testcase classname="test.com.CalculatorTest" name="testDivide" time="0.001"/>
  <testcase classname="test.com.CalculatorTest" name="testMultiply" time="0.0"/>
  <testcase classname="test.com.CalculatorTest" name="testSub" time="0.0"/>
</testsuite> <!-- Command line test -->
